SF:lib/features/task_management/domain/entities/task_entity.dart
DA:4,5
DA:18,0
DA:19,0
DA:20,0
DA:22,1
DA:29,1
DA:30,0
DA:31,1
DA:32,1
DA:33,1
DA:37,2
DA:38,2
DA:39,2
DA:40,2
DA:41,2
DA:42,2
DA:43,2
LF:17
LH:13
end_of_record
SF:lib/features/task_management/domain/entities/params/add_task_param.dart
DA:4,6
DA:8,2
DA:9,1
DA:10,1
DA:13,0
DA:14,0
DA:15,0
DA:16,0
LF:8
LH:4
end_of_record
SF:lib/features/task_management/domain/usecases/add_task_usecase.dart
DA:10,1
DA:12,1
DA:14,2
LF:3
LH:3
end_of_record
SF:lib/core/services/task_storage_service.dart
DA:15,0
DA:17,0
DA:18,0
DA:21,0
DA:23,0
DA:24,0
DA:27,0
DA:32,0
DA:33,0
DA:34,0
DA:37,0
DA:39,0
LF:12
LH:0
end_of_record
SF:lib/features/task_management/data/datasources/task_data_source.dart
DA:16,1
DA:19,1
DA:21,2
DA:22,1
DA:23,1
DA:24,1
DA:31,0
DA:33,0
DA:37,0
DA:40,0
DA:42,0
DA:45,0
DA:47,0
LF:13
LH:6
end_of_record
SF:lib/features/task_management/domain/entities/params/delete_task_param.dart
DA:4,1
DA:7,0
DA:8,0
LF:3
LH:1
end_of_record
SF:lib/features/task_management/domain/entities/params/get_tasks_param.dart
DA:4,0
DA:7,0
DA:8,0
LF:3
LH:0
end_of_record
SF:lib/features/task_management/domain/entities/params/update_task_param.dart
DA:4,0
LF:1
LH:0
end_of_record
SF:lib/core/error/failure.dart
DA:4,7
DA:10,7
DA:12,0
DA:13,0
LF:4
LH:2
end_of_record
SF:lib/features/task_management/data/repositories/task_repository_impl.dart
DA:12,1
DA:15,1
DA:18,2
DA:19,1
DA:27,0
DA:32,0
DA:33,0
DA:41,0
DA:46,0
DA:47,0
DA:55,0
DA:60,0
DA:61,0
LF:13
LH:4
end_of_record
SF:lib/features/task_management/domain/usecases/delete_task_use_case.dart
DA:9,1
DA:12,1
DA:14,2
LF:3
LH:3
end_of_record
SF:lib/features/task_management/presentation/bloc/task_event.dart
DA:4,2
DA:8,2
DA:11,0
DA:12,0
DA:16,0
DA:19,0
DA:20,0
DA:24,0
DA:27,0
DA:28,0
DA:32,0
DA:35,0
DA:36,0
LF:13
LH:2
end_of_record
SF:lib/features/task_management/presentation/bloc/task_state.dart
DA:4,4
DA:7,1
DA:8,2
DA:12,3
DA:16,3
DA:20,0
DA:24,2
DA:28,2
DA:32,0
LF:9
LH:7
end_of_record
SF:lib/features/task_management/presentation/bloc/task_bloc.dart
DA:17,1
DA:22,1
DA:23,2
DA:24,2
DA:25,2
DA:26,2
DA:34,1
DA:35,1
DA:36,4
DA:37,2
DA:38,2
DA:39,3
DA:41,2
DA:42,1
DA:48,0
DA:49,0
DA:50,0
DA:51,0
DA:52,0
DA:53,0
DA:55,0
DA:56,0
DA:62,0
DA:63,0
DA:64,0
DA:65,0
DA:66,0
DA:67,0
DA:69,0
DA:70,0
DA:76,0
DA:77,0
DA:78,0
DA:79,0
DA:80,0
DA:81,0
DA:83,0
DA:84,0
LF:38
LH:14
end_of_record
SF:lib/features/task_management/domain/usecases/get_tasks_by_status_usecase.dart
DA:10,0
DA:13,0
DA:15,0
LF:3
LH:0
end_of_record
SF:lib/features/task_management/domain/usecases/update_task_use_case.dart
DA:9,0
DA:12,0
DA:14,0
LF:3
LH:0
end_of_record
